ml-detector/build/CMakeFiles/3.25.1/CompilerIdCXX/CMakeCXXCompilerId.cpp:758:77: error: There is an unknown macro here somewhere. Configuration is required. If __clang_version__ is a macro then please configure it. [unknownMacro]
ml-detector/build/CMakeFiles/3.25.1/CompilerIdCXX/CMakeCXXCompilerId.cpp:730:28: error: syntax error [syntaxError]
ml-detector/build/proto/network_security.pb.h:12:2: error: #error This file was generated by a newer version of protoc which is [preprocessorErrorDirective]
#error This file was generated by a newer version of protoc which is
ml-detector/build_detector_test/CMakeFiles/4.0.2/CompilerIdCXX/CMakeCXXCompilerId.cpp:780:77: error: There is an unknown macro here somewhere. Configuration is required. If __clang_version__ is a macro then please configure it. [unknownMacro]
ml-detector/build_detector_test/CMakeFiles/4.0.2/CompilerIdCXX/CMakeCXXCompilerId.cpp:752:28: error: syntax error [syntaxError]
ml-detector/src/protobuf/network_security.pb.h:12:2: error: #error This file was generated by a newer version of protoc which is [preprocessorErrorDirective]
#error This file was generated by a newer version of protoc which is
ml-detector/tests/integration/test_ransomware_detector_integration.cpp:46:54: error: syntax error [syntaxError]
sniffer/build/CMakeFiles/3.25.1/CompilerIdC/CMakeCCompilerId.c:773:77: error: There is an unknown macro here somewhere. Configuration is required. If __clang_version__ is a macro then please configure it. [unknownMacro]
sniffer/build/CMakeFiles/3.25.1/CompilerIdC/CMakeCCompilerId.c:745:28: error: syntax error [syntaxError]
sniffer/build/CMakeFiles/3.25.1/CompilerIdCXX/CMakeCXXCompilerId.cpp:758:77: error: There is an unknown macro here somewhere. Configuration is required. If __clang_version__ is a macro then please configure it. [unknownMacro]
sniffer/build/CMakeFiles/3.25.1/CompilerIdCXX/CMakeCXXCompilerId.cpp:730:28: error: syntax error [syntaxError]
sniffer/build/proto/network_security.pb.h:12:2: error: #error This file was generated by a newer version of protoc which is [preprocessorErrorDirective]
#error This file was generated by a newer version of protoc which is
sniffer/cmake-build-debug/CMakeFiles/4.0.2/CompilerIdC/CMakeCCompilerId.c:801:77: error: There is an unknown macro here somewhere. Configuration is required. If __clang_version__ is a macro then please configure it. [unknownMacro]
sniffer/cmake-build-debug/CMakeFiles/4.0.2/CompilerIdC/CMakeCCompilerId.c:773:28: error: syntax error [syntaxError]
sniffer/cmake-build-debug/CMakeFiles/4.0.2/CompilerIdCXX/CMakeCXXCompilerId.cpp:780:77: error: There is an unknown macro here somewhere. Configuration is required. If __clang_version__ is a macro then please configure it. [unknownMacro]
sniffer/cmake-build-debug/CMakeFiles/4.0.2/CompilerIdCXX/CMakeCXXCompilerId.cpp:752:28: error: syntax error [syntaxError]
sniffer/cmake-build-debug/CMakeFiles/4.1.2/CompilerIdC/CMakeCCompilerId.c:830:77: error: There is an unknown macro here somewhere. Configuration is required. If __clang_version__ is a macro then please configure it. [unknownMacro]
sniffer/cmake-build-debug/CMakeFiles/4.1.2/CompilerIdC/CMakeCCompilerId.c:802:28: error: syntax error [syntaxError]
sniffer/cmake-build-debug/CMakeFiles/4.1.2/CompilerIdCXX/CMakeCXXCompilerId.cpp:809:77: error: There is an unknown macro here somewhere. Configuration is required. If __clang_version__ is a macro then please configure it. [unknownMacro]
sniffer/cmake-build-debug/CMakeFiles/4.1.2/CompilerIdCXX/CMakeCXXCompilerId.cpp:781:28: error: syntax error [syntaxError]
sniffer/src/kernel/sniffer.bpf.c:373:17: error: There is an unknown macro here somewhere. Configuration is required. If SEC is a macro then please configure it. [unknownMacro]
etcd-client/build/CMakeFiles/3.25.1/CompilerIdCXX/CMakeCXXCompilerId.cpp:758:77: error: There is an unknown macro here somewhere. Configuration is required. If __clang_version__ is a macro then please configure it. [unknownMacro]
etcd-client/build/CMakeFiles/3.25.1/CompilerIdCXX/CMakeCXXCompilerId.cpp:730:28: error: syntax error [syntaxError]
etcd-server/build/CMakeFiles/3.25.1/CompilerIdC/CMakeCCompilerId.c:773:77: error: There is an unknown macro here somewhere. Configuration is required. If __clang_version__ is a macro then please configure it. [unknownMacro]
etcd-server/build/CMakeFiles/3.25.1/CompilerIdC/CMakeCCompilerId.c:745:28: error: syntax error [syntaxError]
etcd-server/build/CMakeFiles/3.25.1/CompilerIdCXX/CMakeCXXCompilerId.cpp:758:77: error: There is an unknown macro here somewhere. Configuration is required. If __clang_version__ is a macro then please configure it. [unknownMacro]
etcd-server/build/CMakeFiles/3.25.1/CompilerIdCXX/CMakeCXXCompilerId.cpp:730:28: error: syntax error [syntaxError]
etcd-server/src/crypto_manager.cpp:34:13: warning: Potentially invalid type conversion in old-style C cast, clarify/fix with C++ cast [dangerousTypeCast]
etcd-server/src/crypto_manager.cpp:35:13: warning: Potentially invalid type conversion in old-style C cast, clarify/fix with C++ cast [dangerousTypeCast]
firewall-acl-agent/build/CMakeFiles/3.25.0/CompilerIdCXX/CMakeCXXCompilerId.cpp:758:77: error: There is an unknown macro here somewhere. Configuration is required. If __clang_version__ is a macro then please configure it. [unknownMacro]
firewall-acl-agent/build/CMakeFiles/3.25.0/CompilerIdCXX/CMakeCXXCompilerId.cpp:730:28: error: syntax error [syntaxError]
firewall-acl-agent/build/CMakeFiles/3.25.1/CompilerIdCXX/CMakeCXXCompilerId.cpp:758:77: error: There is an unknown macro here somewhere. Configuration is required. If __clang_version__ is a macro then please configure it. [unknownMacro]
firewall-acl-agent/build/CMakeFiles/3.25.1/CompilerIdCXX/CMakeCXXCompilerId.cpp:730:28: error: syntax error [syntaxError]
firewall-acl-agent/build/proto/network_security.pb.h:12:2: error: #error This file was generated by a newer version of protoc which is [preprocessorErrorDirective]
#error This file was generated by a newer version of protoc which is
firewall-acl-agent/proto/network_security.pb.h:12:2: error: #error This file was generated by a newer version of protoc which is [preprocessorErrorDirective]
#error This file was generated by a newer version of protoc which is
rag/build/CMakeFiles/3.25.0/CompilerIdCXX/CMakeCXXCompilerId.cpp:758:77: error: There is an unknown macro here somewhere. Configuration is required. If __clang_version__ is a macro then please configure it. [unknownMacro]
rag/build/CMakeFiles/3.25.0/CompilerIdCXX/CMakeCXXCompilerId.cpp:730:28: error: syntax error [syntaxError]
rag/build/CMakeFiles/3.25.1/CompilerIdCXX/CMakeCXXCompilerId.cpp:758:77: error: There is an unknown macro here somewhere. Configuration is required. If __clang_version__ is a macro then please configure it. [unknownMacro]
rag/build/CMakeFiles/3.25.1/CompilerIdCXX/CMakeCXXCompilerId.cpp:730:28: error: syntax error [syntaxError]
rag/src/base_validator.cpp:257:14: warning: Return value of function std::stoi() is not used. [ignoredReturnValue]
rag/src/base_validator.cpp:267:14: warning: Return value of function std::stod() is not used. [ignoredReturnValue]
nofile:0:0: information: Active checkers: There was critical errors (use --checkers-report=<filename> to see details) [checkersReport]
